2025-01-18T18:57:14.011+05:30  INFO 32843 --- [design-patterns-java] [restartedMain] c.d.DesignPatternsJavaApplication        : Starting DesignPatternsJavaApplication using Java 17.0.9 with PID 32843 (/Users/ujwal/SpringToolSuite_4/design-patterns-java/target/classes started by ujwal in /Users/ujwal/SpringToolSuite_4/design-patterns-java)
2025-01-18T18:57:14.011+05:30  INFO 32843 --- [design-patterns-java] [restartedMain] c.d.DesignPatternsJavaApplication        : No active profile set, falling back to 1 default profile: "default"
2025-01-18T18:57:14.090+05:30  INFO 32843 --- [design-patterns-java] [restartedMain] o.s.b.w.embedded.tomcat.TomcatWebServer  : Tomcat initialized with port 8080 (http)
2025-01-18T18:57:14.090+05:30  INFO 32843 --- [design-patterns-java] [restartedMain] o.apache.catalina.core.StandardService   : Starting service [Tomcat]
2025-01-18T18:57:14.090+05:30  INFO 32843 --- [design-patterns-java] [restartedMain] o.apache.catalina.core.StandardEngine    : Starting Servlet engine: [Apache Tomcat/10.1.34]
2025-01-18T18:57:14.093+05:30  INFO 32843 --- [design-patterns-java] [restartedMain] o.a.c.c.C.[Tomcat].[localhost].[/]       : Initializing Spring embedded WebApplicationContext
2025-01-18T18:57:14.093+05:30  INFO 32843 --- [design-patterns-java] [restartedMain] w.s.c.ServletWebServerApplicationContext : Root WebApplicationContext: initialization completed in 81 ms
2025-01-18T18:57:14.105+05:30 DEBUG 32843 --- [design-patterns-java] [restartedMain] s.w.s.m.m.a.RequestMappingHandlerMapping : 8 mappings in 'requestMappingHandlerMapping'
2025-01-18T18:57:14.115+05:30 DEBUG 32843 --- [design-patterns-java] [restartedMain] o.s.w.s.handler.SimpleUrlHandlerMapping  : Patterns [/webjars/**, /**] in 'resourceHandlerMapping'
2025-01-18T18:57:14.116+05:30 DEBUG 32843 --- [design-patterns-java] [restartedMain] s.w.s.m.m.a.RequestMappingHandlerAdapter : ControllerAdvice beans: 0 @ModelAttribute, 0 @InitBinder, 1 RequestBodyAdvice, 1 ResponseBodyAdvice
2025-01-18T18:57:14.117+05:30 DEBUG 32843 --- [design-patterns-java] [restartedMain] .m.m.a.ExceptionHandlerExceptionResolver : ControllerAdvice beans: 0 @ExceptionHandler, 1 ResponseBodyAdvice
2025-01-18T18:57:14.122+05:30  INFO 32843 --- [design-patterns-java] [restartedMain] o.s.b.d.a.OptionalLiveReloadServer       : LiveReload server is running on port 35729
2025-01-18T18:57:14.125+05:30  INFO 32843 --- [design-patterns-java] [restartedMain] o.s.b.w.embedded.tomcat.TomcatWebServer  : Tomcat started on port 8080 (http) with context path '/'
2025-01-18T18:57:14.127+05:30  INFO 32843 --- [design-patterns-java] [restartedMain] c.d.DesignPatternsJavaApplication        : Started DesignPatternsJavaApplication in 0.134 seconds (process running for 3481.018)
2025-01-18T18:57:14.127+05:30  INFO 32843 --- [design-patterns-java] [restartedMain] .ConditionEvaluationDeltaLoggingListener : Condition evaluation unchanged
2025-01-18T18:59:16.289+05:30  INFO 32843 --- [design-patterns-java] [http-nio-8080-exec-2] o.a.c.c.C.[Tomcat].[localhost].[/]       : Initializing Spring DispatcherServlet 'dispatcherServlet'
2025-01-18T18:59:16.291+05:30  INFO 32843 --- [design-patterns-java] [http-nio-8080-exec-2] o.s.web.servlet.DispatcherServlet        : Initializing Servlet 'dispatcherServlet'
2025-01-18T18:59:16.291+05:30 DEBUG 32843 --- [design-patterns-java] [http-nio-8080-exec-2] o.s.web.servlet.DispatcherServlet        : Detected StandardServletMultipartResolver
2025-01-18T18:59:16.292+05:30 DEBUG 32843 --- [design-patterns-java] [http-nio-8080-exec-2] o.s.web.servlet.DispatcherServlet        : Detected AcceptHeaderLocaleResolver
2025-01-18T18:59:16.292+05:30 DEBUG 32843 --- [design-patterns-java] [http-nio-8080-exec-2] o.s.web.servlet.DispatcherServlet        : Detected FixedThemeResolver
2025-01-18T18:59:16.296+05:30 DEBUG 32843 --- [design-patterns-java] [http-nio-8080-exec-2] o.s.web.servlet.DispatcherServlet        : Detected org.springframework.web.servlet.view.DefaultRequestToViewNameTranslator@49597284
2025-01-18T18:59:16.296+05:30 DEBUG 32843 --- [design-patterns-java] [http-nio-8080-exec-2] o.s.web.servlet.DispatcherServlet        : Detected org.springframework.web.servlet.support.SessionFlashMapManager@479e95df
2025-01-18T18:59:16.296+05:30 DEBUG 32843 --- [design-patterns-java] [http-nio-8080-exec-2] o.s.web.servlet.DispatcherServlet        : enableLoggingRequestDetails='false': request parameters and headers will be masked to prevent unsafe logging of potentially sensitive data
2025-01-18T18:59:16.297+05:30  INFO 32843 --- [design-patterns-java] [http-nio-8080-exec-2] o.s.web.servlet.DispatcherServlet        : Completed initialization in 6 ms
2025-01-18T18:59:16.297+05:30 DEBUG 32843 --- [design-patterns-java] [http-nio-8080-exec-2] o.s.web.servlet.DispatcherServlet        : POST "/api/processOrder", parameters={}
2025-01-18T18:59:16.298+05:30 DEBUG 32843 --- [design-patterns-java] [http-nio-8080-exec-2] s.w.s.m.m.a.RequestMappingHandlerMapping : Mapped to com.designpatterns.controller.MyController#processOrder()
2025-01-18T18:59:16.318+05:30 DEBUG 32843 --- [design-patterns-java] [http-nio-8080-exec-2] m.m.a.RequestResponseBodyMethodProcessor : Using 'text/plain', given [*/*] and supported [text/plain, */*, application/json, application/*+json]
2025-01-18T18:59:16.319+05:30 DEBUG 32843 --- [design-patterns-java] [http-nio-8080-exec-2] m.m.a.RequestResponseBodyMethodProcessor : Writing ["Order processed successfully."]
2025-01-18T18:59:16.321+05:30 DEBUG 32843 --- [design-patterns-java] [http-nio-8080-exec-2] o.s.web.servlet.DispatcherServlet        : Completed 200 OK
2025-01-18T18:59:20.187+05:30 DEBUG 32843 --- [design-patterns-java] [http-nio-8080-exec-3] o.s.web.servlet.DispatcherServlet        : POST "/api/pay", parameters={}
2025-01-18T18:59:20.188+05:30 DEBUG 32843 --- [design-patterns-java] [http-nio-8080-exec-3] s.w.s.m.m.a.RequestMappingHandlerMapping : Mapped to com.designpatterns.controller.MyController#pay(PaymentRequestDTO)
2025-01-18T18:59:20.193+05:30 DEBUG 32843 --- [design-patterns-java] [http-nio-8080-exec-3] m.m.a.RequestResponseBodyMethodProcessor : Read "application/json;charset=UTF-8" to [com.designpatterns.dto.PaymentRequestDTO@324dfdca]
2025-01-18T18:59:20.197+05:30 DEBUG 32843 --- [design-patterns-java] [http-nio-8080-exec-3] m.m.a.RequestResponseBodyMethodProcessor : Using 'text/plain', given [*/*] and supported [text/plain, */*, application/json, application/*+json]
2025-01-18T18:59:20.197+05:30 DEBUG 32843 --- [design-patterns-java] [http-nio-8080-exec-3] m.m.a.RequestResponseBodyMethodProcessor : Writing ["Payment of 100 processed using CreditCard"]
2025-01-18T18:59:20.198+05:30 DEBUG 32843 --- [design-patterns-java] [http-nio-8080-exec-3] o.s.web.servlet.DispatcherServlet        : Completed 200 OK
